Method 'search-replace-preview' does not exist on controller 'Controllers\Admin\AdminToolsController' C:\xampp\htdocs\pressli\vendor\glivers\rackage\src\Router\Router.php(362) STACK TRACE: #0 C:\xampp\htdocs\pressli\vendor\glivers\rackage\src\Router\Router.php(117): Rackage\Router\Router->validateController()
#1 C:\xampp\htdocs\pressli\system\start.php(67): Rackage\Router\Router->dispatch()
#2 C:\xampp\htdocs\pressli\system\bootstrap.php(224): require_once('C:\\xampp\\htdocs...')
#3 C:\xampp\htdocs\pressli\public\index.php(80): require_once('C:\\xampp\\htdocs...')
#4 {main}
The view file named 'bota/templates/404' cannot be found! C:\xampp\htdocs\pressli\vendor\glivers\rackage\src\Templates\Template.php(115) STACK TRACE: #0 C:\xampp\htdocs\pressli\vendor\glivers\rackage\src\View.php(406): Rackage\Templates\Template->compiled('C:\\xampp\\htdocs...', false, 'bota/templates/...')
#1 C:\xampp\htdocs\pressli\vendor\glivers\rackage\src\View.php(284): Rackage\View::getContents('bota/templates/...', false)
#2 C:\xampp\htdocs\pressli\vendor\glivers\rackage\src\View.php(180): Rackage\View::renderView('bota/templates/...', Array, 404, true)
#3 C:\xampp\htdocs\pressli\application\controllers\PageController.php(698): Rackage\View::render('bota/templates/...', Array, 404
The view file named 'bota/templates/404' cannot be found! C:\xampp\htdocs\pressli\vendor\glivers\rackage\src\Templates\Template.php(115) STACK TRACE: #0 C:\xampp\htdocs\pressli\vendor\glivers\rackage\src\View.php(406): Rackage\Templates\Template->compiled('C:\\xampp\\htdocs...', false, 'bota/templates/...')
#1 C:\xampp\htdocs\pressli\vendor\glivers\rackage\src\View.php(284): Rackage\View::getContents('bota/templates/...', false)
#2 C:\xampp\htdocs\pressli\vendor\glivers\rackage\src\View.php(180): Rackage\View::renderView('bota/templates/...', Array, 404, true)
#3 C:\xampp\htdocs\pressli\application\controllers\PageController.php(698): Rackage\View::render('bota/templates/...', Array, 404
The view file named 'bota/templates/404' cannot be found! C:\xampp\htdocs\pressli\vendor\glivers\rackage\src\Templates\Template.php(115) STACK TRACE: #0 C:\xampp\htdocs\pressli\vendor\glivers\rackage\src\View.php(406): Rackage\Templates\Template->compiled('C:\\xampp\\htdocs...', false, 'bota/templates/...')
#1 C:\xampp\htdocs\pressli\vendor\glivers\rackage\src\View.php(284): Rackage\View::getContents('bota/templates/...', false)
#2 C:\xampp\htdocs\pressli\vendor\glivers\rackage\src\View.php(180): Rackage\View::renderView('bota/templates/...', Array, 404, true)
#3 C:\xampp\htdocs\pressli\application\controllers\PageController.php(698): Rackage\View::render('bota/templates/...', Array, 404
E_WARNING file_put_contents(public/sitemap.xml): Failed to open stream: No such file or directory in C:\xampp\htdocs\pressli\vendor\glivers\rackage\src\FileSystem\FileHandler.php on line (222) STACK TRACE: #0 [internal function]: handler(2, 'file_put_conten...', 'C:\\xampp\\htdocs...', 222)
#1 C:\xampp\htdocs\pressli\vendor\glivers\rackage\src\FileSystem\FileHandler.php(222): file_put_contents('public/sitemap....', '<?xml version="...')
#2 C:\xampp\htdocs\pressli\vendor\glivers\rackage\src\File.php(183): Rackage\FileSystem\FileHandler::write('public/sitemap....', '<?xml version="...')
#3 C:\xampp\htdocs\pressli\application\controllers\Admin\AdminToolsController.php(147): Rackage\File::write('public/sitemap....', '<?xml version="...')
#4 [internal function]: Controllers\Admin\AdminToolsController->postSitemap()
#5 C:\xampp\htdocs\pressli\vendor\glivers\rackage\src\Router\Router.php(424): call_user_func_array(Array, Array)
#6 C:\xampp\htdocs\pressli\vendor\glivers\rackage\src\Router\Router.php(118): Rackage\Router\Router->dispatchController()
#7 C:\xampp\htdocs\pressli\system\start.php(67): Rackage\Router\Router->dispatch()
#8 C:\xampp\htdocs\pressli\system\bootstrap.php(224): require_once('C:\\xampp\\htdocs...')
#9 C:\xampp\htdocs\pressli\public\index.php(80): require_once('C:\\xampp\\htdocs...'
The view file named 'bota/templates/404' cannot be found! C:\xampp\htdocs\pressli\vendor\glivers\rackage\src\Templates\Template.php(115) STACK TRACE: #0 C:\xampp\htdocs\pressli\vendor\glivers\rackage\src\View.php(406): Rackage\Templates\Template->compiled('C:\\xampp\\htdocs...', false, 'bota/templates/...')
#1 C:\xampp\htdocs\pressli\vendor\glivers\rackage\src\View.php(284): Rackage\View::getContents('bota/templates/...', false)
#2 C:\xampp\htdocs\pressli\vendor\glivers\rackage\src\View.php(180): Rackage\View::renderView('bota/templates/...', Array, 404, true)
#3 C:\xampp\htdocs\pressli\application\controllers\PageController.php(698): Rackage\View::render('bota/templates/...', Array, 404
The view file named 'bota/templates/404' cannot be found! C:\xampp\htdocs\pressli\vendor\glivers\rackage\src\Templates\Template.php(115) STACK TRACE: #0 C:\xampp\htdocs\pressli\vendor\glivers\rackage\src\View.php(406): Rackage\Templates\Template->compiled('C:\\xampp\\htdocs...', false, 'bota/templates/...')
#1 C:\xampp\htdocs\pressli\vendor\glivers\rackage\src\View.php(284): Rackage\View::getContents('bota/templates/...', false)
#2 C:\xampp\htdocs\pressli\vendor\glivers\rackage\src\View.php(180): Rackage\View::renderView('bota/templates/...', Array, 404, true)
#3 C:\xampp\htdocs\pressli\application\controllers\PageController.php(698): Rackage\View::render('bota/templates/...', Array, 404
The view file named 'bota/templates/404' cannot be found! C:\xampp\htdocs\pressli\vendor\glivers\rackage\src\Templates\Template.php(115) STACK TRACE: #0 C:\xampp\htdocs\pressli\vendor\glivers\rackage\src\View.php(406): Rackage\Templates\Template->compiled('C:\\xampp\\htdocs...', false, 'bota/templates/...')
#1 C:\xampp\htdocs\pressli\vendor\glivers\rackage\src\View.php(284): Rackage\View::getContents('bota/templates/...', false)
#2 C:\xampp\htdocs\pressli\vendor\glivers\rackage\src\View.php(180): Rackage\View::renderView('bota/templates/...', Array, 404, true)
#3 C:\xampp\htdocs\pressli\application\controllers\PageController.php(698): Rackage\View::render('bota/templates/...', Array, 404
The view file named 'bota/templates/404' cannot be found! C:\xampp\htdocs\pressli\vendor\glivers\rackage\src\Templates\Template.php(115) STACK TRACE: #0 C:\xampp\htdocs\pressli\vendor\glivers\rackage\src\View.php(406): Rackage\Templates\Template->compiled('C:\\xampp\\htdocs...', false, 'bota/templates/...')
#1 C:\xampp\htdocs\pressli\vendor\glivers\rackage\src\View.php(284): Rackage\View::getContents('bota/templates/...', false)
#2 C:\xampp\htdocs\pressli\vendor\glivers\rackage\src\View.php(180): Rackage\View::renderView('bota/templates/...', Array, 404, true)
#3 C:\xampp\htdocs\pressli\application\controllers\PageController.php(698): Rackage\View::render('bota/templates/...', Array, 404
The view file named 'bota/templates/404' cannot be found! C:\xampp\htdocs\pressli\vendor\glivers\rackage\src\Templates\Template.php(115) STACK TRACE: #0 C:\xampp\htdocs\pressli\vendor\glivers\rackage\src\View.php(406): Rackage\Templates\Template->compiled('C:\\xampp\\htdocs...', false, 'bota/templates/...')
#1 C:\xampp\htdocs\pressli\vendor\glivers\rackage\src\View.php(284): Rackage\View::getContents('bota/templates/...', false)
#2 C:\xampp\htdocs\pressli\vendor\glivers\rackage\src\View.php(180): Rackage\View::renderView('bota/templates/...', Array, 404, true)
#3 C:\xampp\htdocs\pressli\application\controllers\PageController.php(698): Rackage\View::render('bota/templates/...', Array, 404
The view file named 'bota/templates/404' cannot be found! C:\xampp\htdocs\pressli\vendor\glivers\rackage\src\Templates\Template.php(115) STACK TRACE: #0 C:\xampp\htdocs\pressli\vendor\glivers\rackage\src\View.php(406): Rackage\Templates\Template->compiled('C:\\xampp\\htdocs...', false, 'bota/templates/...')
#1 C:\xampp\htdocs\pressli\vendor\glivers\rackage\src\View.php(284): Rackage\View::getContents('bota/templates/...', false)
#2 C:\xampp\htdocs\pressli\vendor\glivers\rackage\src\View.php(180): Rackage\View::renderView('bota/templates/...', Array, 404, true)
#3 C:\xampp\htdocs\pressli\application\controllers\PageController.php(698): Rackage\View::render('bota/templates/...', Array, 404
The view file named 'bota/templates/404' cannot be found! C:\xampp\htdocs\pressli\vendor\glivers\rackage\src\Templates\Template.php(115) STACK TRACE: #0 C:\xampp\htdocs\pressli\vendor\glivers\rackage\src\View.php(406): Rackage\Templates\Template->compiled('C:\\xampp\\htdocs...', false, 'bota/templates/...')
#1 C:\xampp\htdocs\pressli\vendor\glivers\rackage\src\View.php(284): Rackage\View::getContents('bota/templates/...', false)
#2 C:\xampp\htdocs\pressli\vendor\glivers\rackage\src\View.php(180): Rackage\View::renderView('bota/templates/...', Array, 404, true)
#3 C:\xampp\htdocs\pressli\application\controllers\PageController.php(698): Rackage\View::render('bota/templates/...', Array, 404
The view file named 'bota/templates/404' cannot be found! C:\xampp\htdocs\pressli\vendor\glivers\rackage\src\Templates\Template.php(115) STACK TRACE: #0 C:\xampp\htdocs\pressli\vendor\glivers\rackage\src\View.php(406): Rackage\Templates\Template->compiled('C:\\xampp\\htdocs...', false, 'bota/templates/...')
#1 C:\xampp\htdocs\pressli\vendor\glivers\rackage\src\View.php(284): Rackage\View::getContents('bota/templates/...', false)
#2 C:\xampp\htdocs\pressli\vendor\glivers\rackage\src\View.php(180): Rackage\View::renderView('bota/templates/...', Array, 404, true)
#3 C:\xampp\htdocs\pressli\application\controllers\PageController.php(698): Rackage\View::render('bota/templates/...', Array, 404
The view file named 'bota/templates/404' cannot be found! C:\xampp\htdocs\pressli\vendor\glivers\rackage\src\Templates\Template.php(115) STACK TRACE: #0 C:\xampp\htdocs\pressli\vendor\glivers\rackage\src\View.php(406): Rackage\Templates\Template->compiled('C:\\xampp\\htdocs...', false, 'bota/templates/...')
#1 C:\xampp\htdocs\pressli\vendor\glivers\rackage\src\View.php(284): Rackage\View::getContents('bota/templates/...', false)
#2 C:\xampp\htdocs\pressli\vendor\glivers\rackage\src\View.php(180): Rackage\View::renderView('bota/templates/...', Array, 404, true)
#3 C:\xampp\htdocs\pressli\application\controllers\PageController.php(698): Rackage\View::render('bota/templates/...', Array, 404
The view file named 'bota/templates/404' cannot be found! C:\xampp\htdocs\pressli\vendor\glivers\rackage\src\Templates\Template.php(115) STACK TRACE: #0 C:\xampp\htdocs\pressli\vendor\glivers\rackage\src\View.php(406): Rackage\Templates\Template->compiled('C:\\xampp\\htdocs...', false, 'bota/templates/...')
#1 C:\xampp\htdocs\pressli\vendor\glivers\rackage\src\View.php(284): Rackage\View::getContents('bota/templates/...', false)
#2 C:\xampp\htdocs\pressli\vendor\glivers\rackage\src\View.php(180): Rackage\View::renderView('bota/templates/...', Array, 404, true)
#3 C:\xampp\htdocs\pressli\application\controllers\PageController.php(698): Rackage\View::render('bota/templates/...', Array, 404
The view file named 'bota/templates/404' cannot be found! C:\xampp\htdocs\pressli\vendor\glivers\rackage\src\Templates\Template.php(115) STACK TRACE: #0 C:\xampp\htdocs\pressli\vendor\glivers\rackage\src\View.php(406): Rackage\Templates\Template->compiled('C:\\xampp\\htdocs...', false, 'bota/templates/...')
#1 C:\xampp\htdocs\pressli\vendor\glivers\rackage\src\View.php(284): Rackage\View::getContents('bota/templates/...', false)
#2 C:\xampp\htdocs\pressli\vendor\glivers\rackage\src\View.php(180): Rackage\View::renderView('bota/templates/...', Array, 404, true)
#3 C:\xampp\htdocs\pressli\application\controllers\PageController.php(698): Rackage\View::render('bota/templates/...', Array, 404
The view file named 'bota/templates/404' cannot be found! C:\xampp\htdocs\pressli\vendor\glivers\rackage\src\Templates\Template.php(115) STACK TRACE: #0 C:\xampp\htdocs\pressli\vendor\glivers\rackage\src\View.php(406): Rackage\Templates\Template->compiled('C:\\xampp\\htdocs...', false, 'bota/templates/...')
#1 C:\xampp\htdocs\pressli\vendor\glivers\rackage\src\View.php(284): Rackage\View::getContents('bota/templates/...', false)
#2 C:\xampp\htdocs\pressli\vendor\glivers\rackage\src\View.php(180): Rackage\View::renderView('bota/templates/...', Array, 404, true)
#3 C:\xampp\htdocs\pressli\application\controllers\PageController.php(698): Rackage\View::render('bota/templates/...', Array, 404
The view file named 'bota/templates/404' cannot be found! C:\xampp\htdocs\pressli\vendor\glivers\rackage\src\Templates\Template.php(115) STACK TRACE: #0 C:\xampp\htdocs\pressli\vendor\glivers\rackage\src\View.php(406): Rackage\Templates\Template->compiled('C:\\xampp\\htdocs...', false, 'bota/templates/...')
#1 C:\xampp\htdocs\pressli\vendor\glivers\rackage\src\View.php(284): Rackage\View::getContents('bota/templates/...', false)
#2 C:\xampp\htdocs\pressli\vendor\glivers\rackage\src\View.php(180): Rackage\View::renderView('bota/templates/...', Array, 404, true)
#3 C:\xampp\htdocs\pressli\application\controllers\PageController.php(698): Rackage\View::render('bota/templates/...', Array, 404
The view file named 'bota/templates/404' cannot be found! C:\xampp\htdocs\pressli\vendor\glivers\rackage\src\Templates\Template.php(115) STACK TRACE: #0 C:\xampp\htdocs\pressli\vendor\glivers\rackage\src\View.php(406): Rackage\Templates\Template->compiled('C:\\xampp\\htdocs...', false, 'bota/templates/...')
#1 C:\xampp\htdocs\pressli\vendor\glivers\rackage\src\View.php(284): Rackage\View::getContents('bota/templates/...', false)
#2 C:\xampp\htdocs\pressli\vendor\glivers\rackage\src\View.php(180): Rackage\View::renderView('bota/templates/...', Array, 404, true)
#3 C:\xampp\htdocs\pressli\application\controllers\PageController.php(698): Rackage\View::render('bota/templates/...', Array, 404
The view file named 'bota/templates/404' cannot be found! C:\xampp\htdocs\pressli\vendor\glivers\rackage\src\Templates\Template.php(115) STACK TRACE: #0 C:\xampp\htdocs\pressli\vendor\glivers\rackage\src\View.php(406): Rackage\Templates\Template->compiled('C:\\xampp\\htdocs...', false, 'bota/templates/...')
#1 C:\xampp\htdocs\pressli\vendor\glivers\rackage\src\View.php(284): Rackage\View::getContents('bota/templates/...', false)
#2 C:\xampp\htdocs\pressli\vendor\glivers\rackage\src\View.php(180): Rackage\View::renderView('bota/templates/...', Array, 404, true)
#3 C:\xampp\htdocs\pressli\application\controllers\PageController.php(698): Rackage\View::render('bota/templates/...', Array, 404
The view file named 'bota/templates/404' cannot be found! C:\xampp\htdocs\pressli\vendor\glivers\rackage\src\Templates\Template.php(115) STACK TRACE: #0 C:\xampp\htdocs\pressli\vendor\glivers\rackage\src\View.php(406): Rackage\Templates\Template->compiled('C:\\xampp\\htdocs...', false, 'bota/templates/...')
#1 C:\xampp\htdocs\pressli\vendor\glivers\rackage\src\View.php(284): Rackage\View::getContents('bota/templates/...', false)
#2 C:\xampp\htdocs\pressli\vendor\glivers\rackage\src\View.php(180): Rackage\View::renderView('bota/templates/...', Array, 404, true)
#3 C:\xampp\htdocs\pressli\application\controllers\PageController.php(698): Rackage\View::render('bota/templates/...', Array, 404
The view file named 'bota/templates/404' cannot be found! C:\xampp\htdocs\pressli\vendor\glivers\rackage\src\Templates\Template.php(115) STACK TRACE: #0 C:\xampp\htdocs\pressli\vendor\glivers\rackage\src\View.php(406): Rackage\Templates\Template->compiled('C:\\xampp\\htdocs...', false, 'bota/templates/...')
#1 C:\xampp\htdocs\pressli\vendor\glivers\rackage\src\View.php(284): Rackage\View::getContents('bota/templates/...', false)
#2 C:\xampp\htdocs\pressli\vendor\glivers\rackage\src\View.php(180): Rackage\View::renderView('bota/templates/...', Array, 404, true)
#3 C:\xampp\htdocs\pressli\application\controllers\PageController.php(698): Rackage\View::render('bota/templates/...', Array, 404
The view file named 'bota/templates/404' cannot be found! C:\xampp\htdocs\pressli\vendor\glivers\rackage\src\Templates\Template.php(115) STACK TRACE: #0 C:\xampp\htdocs\pressli\vendor\glivers\rackage\src\View.php(406): Rackage\Templates\Template->compiled('C:\\xampp\\htdocs...', false, 'bota/templates/...')
#1 C:\xampp\htdocs\pressli\vendor\glivers\rackage\src\View.php(284): Rackage\View::getContents('bota/templates/...', false)
#2 C:\xampp\htdocs\pressli\vendor\glivers\rackage\src\View.php(180): Rackage\View::renderView('bota/templates/...', Array, 404, true)
#3 C:\xampp\htdocs\pressli\application\controllers\PageController.php(698): Rackage\View::render('bota/templates/...', Array, 404
The view file named 'bota/templates/404' cannot be found! C:\xampp\htdocs\pressli\vendor\glivers\rackage\src\Templates\Template.php(115) STACK TRACE: #0 C:\xampp\htdocs\pressli\vendor\glivers\rackage\src\View.php(406): Rackage\Templates\Template->compiled('C:\\xampp\\htdocs...', false, 'bota/templates/...')
#1 C:\xampp\htdocs\pressli\vendor\glivers\rackage\src\View.php(284): Rackage\View::getContents('bota/templates/...', false)
#2 C:\xampp\htdocs\pressli\vendor\glivers\rackage\src\View.php(180): Rackage\View::renderView('bota/templates/...', Array, 404, true)
#3 C:\xampp\htdocs\pressli\application\controllers\PageController.php(698): Rackage\View::render('bota/templates/...', Array, 404
The view file named 'bota/templates/404' cannot be found! C:\xampp\htdocs\pressli\vendor\glivers\rackage\src\Templates\Template.php(115) STACK TRACE: #0 C:\xampp\htdocs\pressli\vendor\glivers\rackage\src\View.php(406): Rackage\Templates\Template->compiled('C:\\xampp\\htdocs...', false, 'bota/templates/...')
#1 C:\xampp\htdocs\pressli\vendor\glivers\rackage\src\View.php(284): Rackage\View::getContents('bota/templates/...', false)
#2 C:\xampp\htdocs\pressli\vendor\glivers\rackage\src\View.php(180): Rackage\View::renderView('bota/templates/...', Array, 404, true)
#3 C:\xampp\htdocs\pressli\application\controllers\PageController.php(698): Rackage\View::render('bota/templates/...', Array, 404
The view file named 'bota/templates/404' cannot be found! C:\xampp\htdocs\pressli\vendor\glivers\rackage\src\Templates\Template.php(115) STACK TRACE: #0 C:\xampp\htdocs\pressli\vendor\glivers\rackage\src\View.php(406): Rackage\Templates\Template->compiled('C:\\xampp\\htdocs...', false, 'bota/templates/...')
#1 C:\xampp\htdocs\pressli\vendor\glivers\rackage\src\View.php(284): Rackage\View::getContents('bota/templates/...', false)
#2 C:\xampp\htdocs\pressli\vendor\glivers\rackage\src\View.php(180): Rackage\View::renderView('bota/templates/...', Array, 404, true)
#3 C:\xampp\htdocs\pressli\application\controllers\PageController.php(698): Rackage\View::render('bota/templates/...', Array, 404
The view file named 'bota/templates/404' cannot be found! C:\xampp\htdocs\pressli\vendor\glivers\rackage\src\Templates\Template.php(115) STACK TRACE: #0 C:\xampp\htdocs\pressli\vendor\glivers\rackage\src\View.php(406): Rackage\Templates\Template->compiled('C:\\xampp\\htdocs...', false, 'bota/templates/...')
#1 C:\xampp\htdocs\pressli\vendor\glivers\rackage\src\View.php(284): Rackage\View::getContents('bota/templates/...', false)
#2 C:\xampp\htdocs\pressli\vendor\glivers\rackage\src\View.php(180): Rackage\View::renderView('bota/templates/...', Array, 404, true)
#3 C:\xampp\htdocs\pressli\application\controllers\PageController.php(698): Rackage\View::render('bota/templates/...', Array, 404
The view file named 'bota/templates/404' cannot be found! C:\xampp\htdocs\pressli\vendor\glivers\rackage\src\Templates\Template.php(115) STACK TRACE: #0 C:\xampp\htdocs\pressli\vendor\glivers\rackage\src\View.php(406): Rackage\Templates\Template->compiled('C:\\xampp\\htdocs...', false, 'bota/templates/...')
#1 C:\xampp\htdocs\pressli\vendor\glivers\rackage\src\View.php(284): Rackage\View::getContents('bota/templates/...', false)
#2 C:\xampp\htdocs\pressli\vendor\glivers\rackage\src\View.php(180): Rackage\View::renderView('bota/templates/...', Array, 404, true)
#3 C:\xampp\htdocs\pressli\application\controllers\PageController.php(698): Rackage\View::render('bota/templates/...', Array, 404
The view file named 'bota/templates/404' cannot be found! C:\xampp\htdocs\pressli\vendor\glivers\rackage\src\Templates\Template.php(115) STACK TRACE: #0 C:\xampp\htdocs\pressli\vendor\glivers\rackage\src\View.php(406): Rackage\Templates\Template->compiled('C:\\xampp\\htdocs...', false, 'bota/templates/...')
#1 C:\xampp\htdocs\pressli\vendor\glivers\rackage\src\View.php(284): Rackage\View::getContents('bota/templates/...', false)
#2 C:\xampp\htdocs\pressli\vendor\glivers\rackage\src\View.php(180): Rackage\View::renderView('bota/templates/...', Array, 404, true)
#3 C:\xampp\htdocs\pressli\application\controllers\PageController.php(698): Rackage\View::render('bota/templates/...', Array, 404
The view file named 'bota/templates/404' cannot be found! C:\xampp\htdocs\pressli\vendor\glivers\rackage\src\Templates\Template.php(115) STACK TRACE: #0 C:\xampp\htdocs\pressli\vendor\glivers\rackage\src\View.php(406): Rackage\Templates\Template->compiled('C:\\xampp\\htdocs...', false, 'bota/templates/...')
#1 C:\xampp\htdocs\pressli\vendor\glivers\rackage\src\View.php(284): Rackage\View::getContents('bota/templates/...', false)
#2 C:\xampp\htdocs\pressli\vendor\glivers\rackage\src\View.php(180): Rackage\View::renderView('bota/templates/...', Array, 404, true)
#3 C:\xampp\htdocs\pressli\application\controllers\PageController.php(698): Rackage\View::render('bota/templates/...', Array, 404
The view file named 'bota/templates/404' cannot be found! C:\xampp\htdocs\pressli\vendor\glivers\rackage\src\Templates\Template.php(115) STACK TRACE: #0 C:\xampp\htdocs\pressli\vendor\glivers\rackage\src\View.php(406): Rackage\Templates\Template->compiled('C:\\xampp\\htdocs...', false, 'bota/templates/...')
#1 C:\xampp\htdocs\pressli\vendor\glivers\rackage\src\View.php(284): Rackage\View::getContents('bota/templates/...', false)
#2 C:\xampp\htdocs\pressli\vendor\glivers\rackage\src\View.php(180): Rackage\View::renderView('bota/templates/...', Array, 404, true)
#3 C:\xampp\htdocs\pressli\application\controllers\PageController.php(698): Rackage\View::render('bota/templates/...', Array, 404
The view file named 'bota/templates/404' cannot be found! C:\xampp\htdocs\pressli\vendor\glivers\rackage\src\Templates\Template.php(115) STACK TRACE: #0 C:\xampp\htdocs\pressli\vendor\glivers\rackage\src\View.php(406): Rackage\Templates\Template->compiled('C:\\xampp\\htdocs...', false, 'bota/templates/...')
#1 C:\xampp\htdocs\pressli\vendor\glivers\rackage\src\View.php(284): Rackage\View::getContents('bota/templates/...', false)
#2 C:\xampp\htdocs\pressli\vendor\glivers\rackage\src\View.php(180): Rackage\View::renderView('bota/templates/...', Array, 404, true)
#3 C:\xampp\htdocs\pressli\application\controllers\PageController.php(698): Rackage\View::render('bota/templates/...', Array, 404
The view file named 'bota/templates/404' cannot be found! C:\xampp\htdocs\pressli\vendor\glivers\rackage\src\Templates\Template.php(115) STACK TRACE: #0 C:\xampp\htdocs\pressli\vendor\glivers\rackage\src\View.php(406): Rackage\Templates\Template->compiled('C:\\xampp\\htdocs...', false, 'bota/templates/...')
#1 C:\xampp\htdocs\pressli\vendor\glivers\rackage\src\View.php(284): Rackage\View::getContents('bota/templates/...', false)
#2 C:\xampp\htdocs\pressli\vendor\glivers\rackage\src\View.php(180): Rackage\View::renderView('bota/templates/...', Array, 404, true)
#3 C:\xampp\htdocs\pressli\application\controllers\PageController.php(698): Rackage\View::render('bota/templates/...', Array, 404
The view file named 'bota/templates/404' cannot be found! C:\xampp\htdocs\pressli\vendor\glivers\rackage\src\Templates\Template.php(115) STACK TRACE: #0 C:\xampp\htdocs\pressli\vendor\glivers\rackage\src\View.php(406): Rackage\Templates\Template->compiled('C:\\xampp\\htdocs...', false, 'bota/templates/...')
#1 C:\xampp\htdocs\pressli\vendor\glivers\rackage\src\View.php(284): Rackage\View::getContents('bota/templates/...', false)
#2 C:\xampp\htdocs\pressli\vendor\glivers\rackage\src\View.php(180): Rackage\View::renderView('bota/templates/...', Array, 404, true)
#3 C:\xampp\htdocs\pressli\application\controllers\PageController.php(698): Rackage\View::render('bota/templates/...', Array, 404
The view file named 'bota/templates/404' cannot be found! C:\xampp\htdocs\pressli\vendor\glivers\rackage\src\Templates\Template.php(115) STACK TRACE: #0 C:\xampp\htdocs\pressli\vendor\glivers\rackage\src\View.php(406): Rackage\Templates\Template->compiled('C:\\xampp\\htdocs...', false, 'bota/templates/...')
#1 C:\xampp\htdocs\pressli\vendor\glivers\rackage\src\View.php(284): Rackage\View::getContents('bota/templates/...', false)
#2 C:\xampp\htdocs\pressli\vendor\glivers\rackage\src\View.php(180): Rackage\View::renderView('bota/templates/...', Array, 404, true)
#3 C:\xampp\htdocs\pressli\application\controllers\PageController.php(698): Rackage\View::render('bota/templates/...', Array, 404
The view file named 'bota/templates/404' cannot be found! C:\xampp\htdocs\pressli\vendor\glivers\rackage\src\Templates\Template.php(115) STACK TRACE: #0 C:\xampp\htdocs\pressli\vendor\glivers\rackage\src\View.php(406): Rackage\Templates\Template->compiled('C:\\xampp\\htdocs...', false, 'bota/templates/...')
#1 C:\xampp\htdocs\pressli\vendor\glivers\rackage\src\View.php(284): Rackage\View::getContents('bota/templates/...', false)
#2 C:\xampp\htdocs\pressli\vendor\glivers\rackage\src\View.php(180): Rackage\View::renderView('bota/templates/...', Array, 404, true)
#3 C:\xampp\htdocs\pressli\application\controllers\PageController.php(698): Rackage\View::render('bota/templates/...', Array, 404
The view file named 'bota/templates/404' cannot be found! C:\xampp\htdocs\pressli\vendor\glivers\rackage\src\Templates\Template.php(115) STACK TRACE: #0 C:\xampp\htdocs\pressli\vendor\glivers\rackage\src\View.php(406): Rackage\Templates\Template->compiled('C:\\xampp\\htdocs...', false, 'bota/templates/...')
#1 C:\xampp\htdocs\pressli\vendor\glivers\rackage\src\View.php(284): Rackage\View::getContents('bota/templates/...', false)
#2 C:\xampp\htdocs\pressli\vendor\glivers\rackage\src\View.php(180): Rackage\View::renderView('bota/templates/...', Array, 404, true)
#3 C:\xampp\htdocs\pressli\application\controllers\PageController.php(698): Rackage\View::render('bota/templates/...', Array, 404
The view file named 'bota/templates/404' cannot be found! C:\xampp\htdocs\pressli\vendor\glivers\rackage\src\Templates\Template.php(115) STACK TRACE: #0 C:\xampp\htdocs\pressli\vendor\glivers\rackage\src\View.php(406): Rackage\Templates\Template->compiled('C:\\xampp\\htdocs...', false, 'bota/templates/...')
#1 C:\xampp\htdocs\pressli\vendor\glivers\rackage\src\View.php(284): Rackage\View::getContents('bota/templates/...', false)
#2 C:\xampp\htdocs\pressli\vendor\glivers\rackage\src\View.php(180): Rackage\View::renderView('bota/templates/...', Array, 404, true)
#3 C:\xampp\htdocs\pressli\application\controllers\PageController.php(698): Rackage\View::render('bota/templates/...', Array, 404
The view file named 'bota/templates/404' cannot be found! C:\xampp\htdocs\pressli\vendor\glivers\rackage\src\Templates\Template.php(115) STACK TRACE: #0 C:\xampp\htdocs\pressli\vendor\glivers\rackage\src\View.php(406): Rackage\Templates\Template->compiled('C:\\xampp\\htdocs...', false, 'bota/templates/...')
#1 C:\xampp\htdocs\pressli\vendor\glivers\rackage\src\View.php(284): Rackage\View::getContents('bota/templates/...', false)
#2 C:\xampp\htdocs\pressli\vendor\glivers\rackage\src\View.php(180): Rackage\View::renderView('bota/templates/...', Array, 404, true)
#3 C:\xampp\htdocs\pressli\application\controllers\PageController.php(698): Rackage\View::render('bota/templates/...', Array, 404
The view file named 'bota/templates/404' cannot be found! C:\xampp\htdocs\pressli\vendor\glivers\rackage\src\Templates\Template.php(115) STACK TRACE: #0 C:\xampp\htdocs\pressli\vendor\glivers\rackage\src\View.php(406): Rackage\Templates\Template->compiled('C:\\xampp\\htdocs...', false, 'bota/templates/...')
#1 C:\xampp\htdocs\pressli\vendor\glivers\rackage\src\View.php(284): Rackage\View::getContents('bota/templates/...', false)
#2 C:\xampp\htdocs\pressli\vendor\glivers\rackage\src\View.php(180): Rackage\View::renderView('bota/templates/...', Array, 404, true)
#3 C:\xampp\htdocs\pressli\application\controllers\PageController.php(698): Rackage\View::render('bota/templates/...', Array, 404
E_WARNING file_get_contents(C:\xampp\htdocs\pressli\application\views\templates\layout.php): Failed to open stream: No such file or directory in C:\xampp\htdocs\pressli\vendor\glivers\rackage\src\Templates\Template.php on line (199) STACK TRACE: #0 [internal function]: handler(2, 'file_get_conten...', 'C:\\xampp\\htdocs...', 199)
#1 C:\xampp\htdocs\pressli\vendor\glivers\rackage\src\Templates\Template.php(199): file_get_contents('C:\\xampp\\htdocs...')
#2 C:\xampp\htdocs\pressli\vendor\glivers\rackage\src\Templates\Template.php(213): Rackage\Templates\Template->assembleTemplate('C:\\xampp\\htdocs...')
#3 C:\xampp\htdocs\pressli\vendor\glivers\rackage\src\Templates\Template.php(181): Rackage\Templates\Template->assembleTemplate('C:\\xampp\\htdocs...')
#4 C:\xampp\htdocs\pressli\vendor\glivers\rackage\src\Templates\Template.php(122): Rackage\Templates\Template->compile()
#5 C:\xampp\htdocs\pressli\vendor\glivers\rackage\src\View.php(406): Rackage\Templates\Template->compiled('C:\\xampp\\htdocs...', false, 'bota/templates/...')
#6 C:\xampp\htdocs\pressli\vendor\glivers\rackage\src\View.php(284): Rackage\View::getContents('bota/templates/...', false)
#7 C:\xampp\htdocs\pressli\vendor\glivers\rackage\src\View.php(180): Rackage\View::renderView('bota/templates/...', Array, 404, true)
#8 C:\xampp\htdocs\pressli\application\controllers\PageController.php(698): Rackage\View::render('bota/templates/...', Array, 404)
#9 C:\xampp\htdocs\pressli\application\controllers\PageController.php(312): Controllers\PageController->show404(
